/home/net/synopsys/installs/syn/U-2022.12-SP6/auxx/gui/dv/dv_setup.tcl
/home/net/synopsys/installs/syn/U-2022.12-SP6/auxx/gui/syn/snpsSynProcs.tcl
/home/net/synopsys/installs/syn/U-2022.12-SP6/auxx/gui/syn/layout/pkgIndex.tcl
/home/net/synopsys/installs/syn/U-2022.12-SP6/auxx/gui/common/3dic/pkgIndex.tcl
/home/net/synopsys/installs/syn/U-2022.12-SP6/auxx/gui/common/3dlayout/pkgIndex.tcl
/home/net/synopsys/installs/syn/U-2022.12-SP6/auxx/gui/common/3dmodel/pkgIndex.tcl
/home/net/synopsys/installs/syn/U-2022.12-SP6/auxx/gui/common/WindowFrameWork/pkgIndex.tcl
/home/net/synopsys/installs/syn/U-2022.12-SP6/auxx/gui/common/acg/pkgIndex.tcl
/home/net/synopsys/installs/syn/U-2022.12-SP6/auxx/gui/common/commandform/pkgIndex.tcl
/home/net/synopsys/installs/syn/U-2022.12-SP6/auxx/gui/common/dialogs/pkgIndex.tcl
/home/net/synopsys/installs/syn/U-2022.12-SP6/auxx/gui/common/docBrowser/pkgIndex.tcl
/home/net/synopsys/installs/syn/U-2022.12-SP6/auxx/gui/common/hierAttrView/pkgIndex.tcl
/home/net/synopsys/installs/syn/U-2022.12-SP6/auxx/gui/common/hierarchy/pkgIndex.tcl
/home/net/synopsys/installs/syn/U-2022.12-SP6/auxx/gui/common/highlight/pkgIndex.tcl
/home/net/synopsys/installs/syn/U-2022.12-SP6/auxx/gui/common/histogram/pkgIndex.tcl
/home/net/synopsys/installs/syn/U-2022.12-SP6/auxx/gui/common/layout/pkgIndex.tcl
/home/net/synopsys/installs/syn/U-2022.12-SP6/auxx/gui/common/libviewer/pkgIndex.tcl
/home/net/synopsys/installs/syn/U-2022.12-SP6/auxx/gui/common/menus/pkgIndex.tcl
/home/net/synopsys/installs/syn/U-2022.12-SP6/auxx/gui/common/misc/pkgIndex.tcl
/home/net/synopsys/installs/syn/U-2022.12-SP6/auxx/gui/common/mrupalette/pkgIndex.tcl
/home/net/synopsys/installs/syn/U-2022.12-SP6/auxx/gui/common/opdlg/pkgIndex.tcl
/home/net/synopsys/installs/syn/U-2022.12-SP6/auxx/gui/common/palettegroup/pkgIndex.tcl
/home/net/synopsys/installs/syn/U-2022.12-SP6/auxx/gui/common/propertyEditor/pkgIndex.tcl
/home/net/synopsys/installs/syn/U-2022.12-SP6/auxx/gui/common/qtcl/pkgIndex.tcl
/home/net/synopsys/installs/syn/U-2022.12-SP6/auxx/gui/common/regressionToolkit/pkgIndex.tcl
/home/net/synopsys/installs/syn/U-2022.12-SP6/auxx/gui/common/rtlxref/pkgIndex.tcl
/home/net/synopsys/installs/syn/U-2022.12-SP6/auxx/gui/common/schematic/pkgIndex.tcl
/home/net/synopsys/installs/syn/U-2022.12-SP6/auxx/gui/common/select/pkgIndex.tcl
/home/net/synopsys/installs/syn/U-2022.12-SP6/auxx/gui/common/setup/pkgIndex.tcl
/home/net/synopsys/installs/syn/U-2022.12-SP6/auxx/gui/common/strokes/pkgIndex.tcl
/home/net/synopsys/installs/syn/U-2022.12-SP6/auxx/gui/common/table/pkgIndex.tcl
/home/net/synopsys/installs/syn/U-2022.12-SP6/auxx/gui/common/taskassistant/pkgIndex.tcl
/home/net/synopsys/installs/syn/U-2022.12-SP6/auxx/gui/common/tcl-dp/pkgIndex.tcl
/home/net/synopsys/installs/syn/U-2022.12-SP6/auxx/gui/common/tiledview/pkgIndex.tcl
/home/net/synopsys/installs/syn/U-2022.12-SP6/auxx/gui/common/timing/pkgIndex.tcl
/home/net/synopsys/installs/syn/U-2022.12-SP6/auxx/gui/common/tq/pkgIndex.tcl
/home/net/synopsys/installs/syn/U-2022.12-SP6/auxx/gui/common/utable/pkgIndex.tcl
/home/net/synopsys/installs/syn/U-2022.12-SP6/auxx/gui/common/view/pkgIndex.tcl
/home/net/synopsys/installs/syn/U-2022.12-SP6/auxx/gui/dv/pkgIndex.tcl
/home/net/synopsys/installs/syn/U-2022.12-SP6/auxx/syn/lib/pkgIndex.tcl
/home/net/synopsys/installs/syn/U-2022.12-SP6/auxx/tcllib/lib/itcl4.2.1/pkgIndex.tcl
/home/net/synopsys/installs/syn/U-2022.12-SP6/auxx/tcllib/lib/iwidgets4.1/pkgIndex.tcl
/home/net/synopsys/installs/syn/U-2022.12-SP6/auxx/tcllib/snps_tcl/snpsTclPro/pkgIndex.tcl
/home/net/synopsys/installs/syn/U-2022.12-SP6/auxx/tcllib/snps_tcl/snpsTest/pkgIndex.tcl
/home/net/synopsys/installs/syn/U-2022.12-SP6/auxx/tcllib/snps_tcl/snpsUtils/pkgIndex.tcl
/home/net/synopsys/installs/syn/U-2022.12-SP6/auxx/tcllib/snps_tcl/pkgIndex.tcl
/home/net/synopsys/installs/syn/U-2022.12-SP6/auxx/tcllib/lib/tcl8.6/dde/pkgIndex.tcl
/home/net/synopsys/installs/syn/U-2022.12-SP6/auxx/tcllib/lib/tcl8.6/http/pkgIndex.tcl
/home/net/synopsys/installs/syn/U-2022.12-SP6/auxx/tcllib/lib/tcl8.6/http1.0/pkgIndex.tcl
/home/net/synopsys/installs/syn/U-2022.12-SP6/auxx/tcllib/lib/tcl8.6/msgcat/pkgIndex.tcl
/home/net/synopsys/installs/syn/U-2022.12-SP6/auxx/tcllib/lib/tcl8.6/opt/pkgIndex.tcl
/home/net/synopsys/installs/syn/U-2022.12-SP6/auxx/tcllib/lib/tcl8.6/platform/pkgIndex.tcl
/home/net/synopsys/installs/syn/U-2022.12-SP6/auxx/tcllib/lib/tcl8.6/reg/pkgIndex.tcl
/home/net/synopsys/installs/syn/U-2022.12-SP6/auxx/tcllib/lib/tcl8.6/tcltest/pkgIndex.tcl
/home/net/synopsys/installs/syn/U-2022.12-SP6/auxx/gui/common/setup/snpsCommonSetup.tcl
/home/net/synopsys/installs/syn/U-2022.12-SP6/auxx/gui/common/setup/snpsCustomize.tcl
/home/net/synopsys/installs/syn/U-2022.12-SP6/auxx/gui/common/setup/snpsProcheck.tcl
/home/net/synopsys/installs/syn/U-2022.12-SP6/auxx/gui/common/misc/base.tcl
/home/net/synopsys/installs/syn/U-2022.12-SP6/auxx/gui/common/misc/timing.tcl
/home/net/synopsys/installs/syn/U-2022.12-SP6/auxx/gui/common/misc/setting.tcl
/home/net/synopsys/installs/syn/U-2022.12-SP6/auxx/gui/common/misc/preset.tcl
/home/net/synopsys/installs/syn/U-2022.12-SP6/auxx/gui/common/WindowFrameWork/windowFrameWork.tcl
/home/net/synopsys/installs/syn/U-2022.12-SP6/auxx/gui/common/WindowFrameWork/skipBusyCursorCmdList.tcl
/home/net/synopsys/installs/syn/U-2022.12-SP6/auxx/gui/common/qtcl/.synopsys_qtcl.tcl
/home/net/synopsys/installs/syn/U-2022.12-SP6/auxx/gui/common/highlight/highlight.tcl
/home/net/synopsys/installs/syn/U-2022.12-SP6/auxx/gui/common/palettegroup/palettegroup.tcl
/home/net/synopsys/installs/syn/U-2022.12-SP6/auxx/gui/common/commandform/commandform.tcl
/home/net/synopsys/installs/syn/U-2022.12-SP6/auxx/gui/common/tiledview/tiledview.tcl
/home/net/synopsys/installs/syn/U-2022.12-SP6/auxx/gui/common/docBrowser/docBrowser.tcl
/home/net/synopsys/installs/syn/U-2022.12-SP6/auxx/tcllib/snps_tcl/snpsUtils/snpsUtils.tcl
/home/net/synopsys/installs/syn/U-2022.12-SP6/auxx/gui/common/dialogs/ObjectChooser.tcl
/home/net/synopsys/installs/syn/U-2022.12-SP6/auxx/gui/common/misc/DialogObjectChooser.tcl
/home/net/synopsys/installs/syn/U-2022.12-SP6/auxx/gui/common/dialogs/HistBinInformation.tcl
/home/net/synopsys/installs/syn/U-2022.12-SP6/auxx/gui/common/dialogs/HistBin1Information.tcl
/home/net/synopsys/installs/syn/U-2022.12-SP6/auxx/gui/common/dialogs/BinsOnlyInformation.tcl
/home/net/synopsys/installs/syn/U-2022.12-SP6/auxx/gui/common/dialogs/FileChooser.tcl
/home/net/synopsys/installs/syn/U-2022.12-SP6/auxx/gui/common/dialogs/PathPinSimpleInfo.tcl
/home/net/synopsys/installs/syn/U-2022.12-SP6/auxx/gui/common/dialogs/PathsBasicInfo.tcl
/home/net/synopsys/installs/syn/U-2022.12-SP6/auxx/gui/common/dialogs/PathsBasicSimpleInfo.tcl
/home/net/synopsys/installs/syn/U-2022.12-SP6/auxx/gui/common/dialogs/SlctOperationInfo.tcl
/home/net/synopsys/installs/syn/U-2022.12-SP6/auxx/gui/common/dialogs/ObjectListInfo.tcl
/home/net/synopsys/installs/syn/U-2022.12-SP6/auxx/gui/common/dialogs/FanInOutInfo.tcl
/home/net/synopsys/installs/syn/U-2022.12-SP6/auxx/gui/common/dialogs/NumberOfLevelsChooser.tcl
/home/net/synopsys/installs/syn/U-2022.12-SP6/auxx/gui/common/dialogs/WindowReuseInfo.tcl
/home/net/synopsys/installs/syn/U-2022.12-SP6/auxx/gui/common/dialogs/ReportOutputOptionInfo.tcl
/home/net/synopsys/installs/syn/U-2022.12-SP6/auxx/gui/common/setup/snpsCollections.tcl
/home/net/synopsys/installs/syn/U-2022.12-SP6/auxx/gui/common/dialogs/CompileLinkDesign.tcl
/home/net/synopsys/installs/syn/U-2022.12-SP6/auxx/gui/common/histogram/base.tcl
/home/net/synopsys/installs/syn/U-2022.12-SP6/auxx/gui/common/histogram/DialogNetCapacitance.tcl
/home/net/synopsys/installs/syn/U-2022.12-SP6/auxx/gui/common/schematic/DialogPathSchematicFanInOut.tcl
/home/net/synopsys/installs/syn/U-2022.12-SP6/auxx/gui/common/schematic/DialogPathSchematicAddPaths.tcl
/home/net/ma148697/VLSI_design/FINAL/Project/flow_scripts/run_compile_core.tcl
/home/net/ma148697/VLSI_design/FINAL/Project/riscv_soc_master/core/core/rv32imsu/riscv_defs.v
/home/net/ma148697/VLSI_design/FINAL/Project/riscv_soc_master/core/core/rv32imsu/riscv_defs.v
/home/net/ma148697/VLSI_design/FINAL/Project/riscv_soc_master/core/core/rv32imsu/riscv_defs.v
/home/net/ma148697/VLSI_design/FINAL/Project/riscv_soc_master/core/core/rv32imsu/riscv_defs.v
/home/net/ma148697/VLSI_design/FINAL/Project/riscv_soc_master/core/core/rv32imsu/riscv_defs.v
/home/net/ma148697/VLSI_design/FINAL/Project/riscv_soc_master/core/core/rv32imsu/riscv_defs.v
/home/net/ma148697/VLSI_design/FINAL/Project/riscv_soc_master/core/core/rv32imsu/riscv_defs.v
/home/net/ma148697/VLSI_design/FINAL/Project/riscv_soc_master/core/core/rv32imsu/riscv_decode.v
/home/net/ma148697/VLSI_design/FINAL/Project/riscv_soc_master/core/core/rv32imsu/riscv_lsu.v
/home/net/ma148697/VLSI_design/FINAL/Project/riscv_soc_master/core/core/rv32imsu/riscv_regfile.v
/home/net/ma148697/VLSI_design/FINAL/Project/riscv_soc_master/core/core/rv32imsu/riscv_defs.v
/home/net/ma148697/VLSI_design/FINAL/Project/riscv_soc_master/core/core/rv32imsu/riscv_muldiv.v
/home/net/ma148697/VLSI_design/FINAL/Project/riscv_soc_master/core/core/rv32imsu/riscv_alu.v
/home/net/ma148697/VLSI_design/FINAL/Project/riscv_soc_master/core/core/rv32imsu/riscv_csr.v
/home/net/ma148697/VLSI_design/FINAL/Project/riscv_soc_master/core/core/rv32imsu/riscv_mmu_arb.v
/home/net/ma148697/VLSI_design/FINAL/Project/riscv_soc_master/core/core/rv32imsu/riscv_core.v
/home/net/ma148697/VLSI_design/FINAL/Project/riscv_soc_master/core/core/rv32imsu/riscv_mmu.v
/home/net/ma148697/VLSI_design/FINAL/Project/riscv_soc_master/core/core/rv32imsu/riscv_fetch.v
/home/net/ma148697/VLSI_design/FINAL/Project/riscv_soc_master/core/core/rv32imsu/riscv_exec.v
/home/net/local/SAED14nm_EDK_08_2024/SAED14nm_EDK_STD_RVT/liberty/nldm/base/saed14rvt_base_ss0p72v125c.db
/home/net/synopsys/installs/syn/U-2022.12-SP6/libraries/syn/gtech.db
/home/net/synopsys/installs/syn/U-2022.12-SP6/libraries/syn/standard.sldb
/home/net/local/SAED14nm_EDK_08_2024/SAED14nm_EDK_STD_RVT/liberty/nldm/base/saed14rvt_base_ss0p72v125c.db
/home/net/local/SAED14nm_EDK_08_2024/SAED14nm_EDK_STD_RVT/liberty/nldm/base/saed14rvt_base_ss0p72v125c.db
/home/net/local/SAED14nm_EDK_08_2024/SAED14nm_EDK_STD_RVT/liberty/nldm/base/saed14rvt_base_ss0p72v125c.db
